<?xml version="1.0" encoding="UTF-8"?>
<!-- Generated by org.testng.reporters.JUnitReportReporter -->
<testsuite hostname="NipunGandhi" failures="0" tests="1" name="nipun.appium.AppiumBasics" time="70.080" errors="0" timestamp="2023-06-19T19:16:25 IST" skipped="0">
  <testcase classname="nipun.appium.AppiumBasics" name="AppiumTest" time="70.080"/>
  <system-out/>
</testsuite> <!-- nipun.appium.AppiumBasics -->
